<?xml version="1.0" encoding="UTF-8"?>
<!-- Generated by org.testng.reporters.JUnitXMLReporter -->
<testsuite ignored="0" hostname="biji" failures="0" tests="1" name="Test-Chrome" time="85.261" errors="0" timestamp="2023-12-21T19:07:02 IST">
  <testcase classname="contactsTest.CreateContactsTest" name="createContactsWithMandatoryField" time="39.372"/>
</testsuite> <!-- Test-Chrome -->
