<?xml version="1.0" encoding="UTF-8"?>
<!-- Generated by org.testng.reporters.JUnitXMLReporter -->
<testsuite ignored="0" hostname="biji" failures="0" tests="1" name="Test-Runner-2" time="0.292" errors="0" timestamp="2023-12-21T18:59:25 IST">
  <testcase classname="contactsTest.CreateContactsWithLeadSourceTest" name="createContactsWithLead" time="0.001">
    <skipped/>
  </testcase> <!-- createContactsWithLead -->
</testsuite> <!-- Test-Runner-2 -->
