<?xml version="1.0" encoding="UTF-8"?>
<!-- Generated by org.testng.reporters.JUnitReportReporter -->
<testsuite hostname="biji" failures="0" tests="1" name="practice.ReadDataFromCmdLine" time="0.016" errors="0" timestamp="2024-01-03T16:18:47 IST" skipped="0">
  <testcase classname="practice.ReadDataFromCmdLine" name="read" time="0.016"/>
</testsuite> <!-- practice.ReadDataFromCmdLine -->
