<?xml version="1.0" encoding="UTF-8"?>
<!-- Generated by org.testng.reporters.JUnitReportReporter -->
<testsuite hostname="biji" failures="0" tests="1" name="contactsTest.CreateContactsWithLeadSourceTest" time="17.422" errors="0" timestamp="2023-12-27T18:44:27 IST" skipped="0">
  <testcase classname="contactsTest.CreateContactsWithLeadSourceTest" name="createContactsWithLead" time="17.422"/>
</testsuite> <!-- contactsTest.CreateContactsWithLeadSourceTest -->
