<?xml version="1.0" encoding="UTF-8"?>
<!-- Generated by org.testng.reporters.JUnitReportReporter -->
<testsuite hostname="biji" failures="0" tests="1" name="contactsTest.CreateContactTest" time="32.629" errors="0" timestamp="2023-12-14T18:41:05 IST" skipped="0">
  <testcase classname="contactsTest.CreateContactTest" name="createContactsWithMandatoryField" time="32.629"/>
  <system-out/>
</testsuite> <!-- contactsTest.CreateContactTest -->
