<?xml version="1.0" encoding="UTF-8"?>
<!-- Generated by org.testng.reporters.JUnitReportReporter -->
<testsuite hostname="biji" failures="0" tests="1" name="practice.TestNGPractice" time="0.112" errors="0" timestamp="2023-12-18T17:59:15 IST" skipped="0">
  <testcase classname="practice.TestNGPractice" name="sample" time="0.112"/>
</testsuite> <!-- practice.TestNGPractice -->
